Retrieving lein-ring/lein-ring/0.12.5/lein-ring-0.12.5.pom from clojars
Retrieving org/clojure/core.unify/0.5.7/core.unify-0.5.7.pom from central
Retrieving org/clojure/data.xml/0.0.8/data.xml-0.0.8.pom from central
Retrieving leinjacker/leinjacker/0.4.2/leinjacker-0.4.2.pom from clojars
Retrieving org/clojure/core.contracts/0.0.1/core.contracts-0.0.1.pom from central
Retrieving org/clojure/core.unify/0.5.7/core.unify-0.5.7.jar from central
Retrieving org/clojure/data.xml/0.0.8/data.xml-0.0.8.jar from central
Retrieving org/clojure/clojure/1.4.0/clojure-1.4.0.jar from central
Retrieving org/clojure/core.contracts/0.0.1/core.contracts-0.0.1.jar from central
Retrieving lein-ring/lein-ring/0.12.5/lein-ring-0.12.5.jar from clojars
Retrieving leinjacker/leinjacker/0.4.2/leinjacker-0.4.2.jar from clojars
Retrieving compojure/compojure/1.6.1/compojure-1.6.1.pom from clojars
Retrieving org/clojure/tools.macro/0.1.5/tools.macro-0.1.5.pom from central
Retrieving clout/clout/2.2.1/clout-2.2.1.pom from clojars
Retrieving instaparse/instaparse/1.4.8/instaparse-1.4.8.pom from clojars
Retrieving medley/medley/1.0.0/medley-1.0.0.pom from clojars
Retrieving ring/ring-core/1.6.3/ring-core-1.6.3.pom from clojars
Retrieving ring/ring-codec/1.0.1/ring-codec-1.0.1.pom from clojars
Retrieving org/clojure/clojure/1.3.0/clojure-1.3.0.pom from central
Retrieving commons-io/commons-io/2.5/commons-io-2.5.pom from central
Retrieving org/apache/commons/commons-parent/39/commons-parent-39.pom from central
Retrieving commons-fileupload/commons-fileupload/1.3.3/commons-fileupload-1.3.3.pom from central
Retrieving org/apache/commons/commons-parent/41/commons-parent-41.pom from central
Retrieving clj-time/clj-time/0.11.0/clj-time-0.11.0.pom from clojars
Retrieving joda-time/joda-time/2.8.2/joda-time-2.8.2.pom from central
Retrieving ring/ring-codec/1.1.0/ring-codec-1.1.0.pom from clojars
Retrieving ring/ring-defaults/0.3.2/ring-defaults-0.3.2.pom from clojars
Retrieving ring/ring-ssl/0.3.0/ring-ssl-0.3.0.pom from clojars
Retrieving ring/ring-core/1.6.0/ring-core-1.6.0.pom from clojars
Retrieving commons-fileupload/commons-fileupload/1.3.2/commons-fileupload-1.3.2.pom from central
Retrieving org/apache/commons/commons-parent/40/commons-parent-40.pom from central
Retrieving org/apache/apache/17/apache-17.pom from central
Retrieving ring/ring-headers/0.3.0/ring-headers-0.3.0.pom from clojars
Retrieving ring/ring-anti-forgery/1.3.0/ring-anti-forgery-1.3.0.pom from clojars
Retrieving javax/servlet/javax.servlet-api/3.1.0/javax.servlet-api-3.1.0.pom from central
Retrieving javax/servlet/servlet-api/2.5/servlet-api-2.5.pom from central
Retrieving ring/ring-mock/0.3.2/ring-mock-0.3.2.pom from clojars
Retrieving cheshire/cheshire/5.8.0/cheshire-5.8.0.pom from clojars
Retrieving com/fasterxml/jackson/core/jackson-core/2.9.0/jackson-core-2.9.0.pom from central
Retrieving com/fasterxml/jackson/jackson-parent/2.9.0/jackson-parent-2.9.0.pom from central
Retrieving com/fasterxml/oss-parent/28/oss-parent-28.pom from central
Retrieving com/fasterxml/jackson/dataformat/jackson-dataformat-smile/2.9.0/jackson-dataformat-smile-2.9.0.pom from central
Retrieving com/fasterxml/jackson/dataformat/jackson-dataformats-binary/2.9.0/jackson-dataformats-binary-2.9.0.pom from central
Retrieving com/fasterxml/jackson/jackson-bom/2.9.0/jackson-bom-2.9.0.pom from central
Retrieving com/fasterxml/jackson/dataformat/jackson-dataformat-cbor/2.9.0/jackson-dataformat-cbor-2.9.0.pom from central
Retrieving org/clojure/tools.macro/0.1.5/tools.macro-0.1.5.jar from central
Retrieving commons-fileupload/commons-fileupload/1.3.3/commons-fileupload-1.3.3.jar from central
Retrieving commons-io/commons-io/2.5/commons-io-2.5.jar from central
Retrieving joda-time/joda-time/2.8.2/joda-time-2.8.2.jar from central
Retrieving javax/servlet/javax.servlet-api/3.1.0/javax.servlet-api-3.1.0.jar from central
Retrieving javax/servlet/servlet-api/2.5/servlet-api-2.5.jar from central
Retrieving com/fasterxml/jackson/core/jackson-core/2.9.0/jackson-core-2.9.0.jar from central
Retrieving com/fasterxml/jackson/dataformat/jackson-dataformat-smile/2.9.0/jackson-dataformat-smile-2.9.0.jar from central
Retrieving com/fasterxml/jackson/dataformat/jackson-dataformat-cbor/2.9.0/jackson-dataformat-cbor-2.9.0.jar from central
Retrieving compojure/compojure/1.6.1/compojure-1.6.1.jar from clojars
Retrieving clout/clout/2.2.1/clout-2.2.1.jar from clojars
Retrieving medley/medley/1.0.0/medley-1.0.0.jar from clojars
Retrieving instaparse/instaparse/1.4.8/instaparse-1.4.8.jar from clojars
Retrieving ring/ring-core/1.6.3/ring-core-1.6.3.jar from clojars
Retrieving ring/ring-codec/1.1.0/ring-codec-1.1.0.jar from clojars
Retrieving clj-time/clj-time/0.11.0/clj-time-0.11.0.jar from clojars
Retrieving ring/ring-defaults/0.3.2/ring-defaults-0.3.2.jar from clojars
Retrieving ring/ring-ssl/0.3.0/ring-ssl-0.3.0.jar from clojars
Retrieving ring/ring-headers/0.3.0/ring-headers-0.3.0.jar from clojars
Retrieving ring/ring-anti-forgery/1.3.0/ring-anti-forgery-1.3.0.jar from clojars
Retrieving ring/ring-mock/0.3.2/ring-mock-0.3.2.jar from clojars
Retrieving cheshire/cheshire/5.8.0/cheshire-5.8.0.jar from clojars
Retrieving ring-server/ring-server/0.5.0/ring-server-0.5.0.pom from clojars
Retrieving ring/ring/1.3.2/ring-1.3.2.pom from clojars
Retrieving ring/ring-core/1.3.2/ring-core-1.3.2.pom from clojars
Retrieving org/clojure/tools.reader/0.8.1/tools.reader-0.8.1.pom from central
Retrieving ring/ring-codec/1.0.0/ring-codec-1.0.0.pom from clojars
Retrieving commons-io/commons-io/2.4/commons-io-2.4.pom from central
Retrieving org/apache/commons/commons-parent/25/commons-parent-25.pom from central
Retrieving commons-fileupload/commons-fileupload/1.3/commons-fileupload-1.3.pom from central
Retrieving clj-time/clj-time/0.6.0/clj-time-0.6.0.pom from clojars
Retrieving joda-time/joda-time/2.2/joda-time-2.2.pom from central
Retrieving ring/ring-devel/1.3.2/ring-devel-1.3.2.pom from clojars
Retrieving clj-stacktrace/clj-stacktrace/0.2.7/clj-stacktrace-0.2.7.pom from clojars
Retrieving ns-tracker/ns-tracker/0.2.2/ns-tracker-0.2.2.pom from clojars
Retrieving org/clojure/tools.namespace/0.2.4/tools.namespace-0.2.4.pom from central
Retrieving org/clojure/java.classpath/0.2.2/java.classpath-0.2.2.pom from central
Retrieving ring/ring-jetty-adapter/1.3.2/ring-jetty-adapter-1.3.2.pom from clojars
Retrieving ring/ring-servlet/1.3.2/ring-servlet-1.3.2.pom from clojars
Retrieving org/eclipse/jetty/jetty-server/7.6.13.v20130916/jetty-server-7.6.13.v20130916.pom from central
Retrieving org/eclipse/jetty/jetty-project/7.6.13.v20130916/jetty-project-7.6.13.v20130916.pom from central
Retrieving org/eclipse/jetty/jetty-parent/20/jetty-parent-20.pom from central
Retrieving org/eclipse/jetty/orbit/javax.servlet/2.5.0.v201103041518/javax.servlet-2.5.0.v201103041518.pom from central
Retrieving org/eclipse/jetty/orbit/jetty-orbit/1/jetty-orbit-1.pom from central
Retrieving org/eclipse/jetty/jetty-parent/18/jetty-parent-18.pom from central
Retrieving org/eclipse/jetty/jetty-continuation/7.6.13.v20130916/jetty-continuation-7.6.13.v20130916.pom from central
Retrieving org/eclipse/jetty/jetty-http/7.6.13.v20130916/jetty-http-7.6.13.v20130916.pom from central
Retrieving org/eclipse/jetty/jetty-io/7.6.13.v20130916/jetty-io-7.6.13.v20130916.pom from central
Retrieving org/eclipse/jetty/jetty-util/7.6.13.v20130916/jetty-util-7.6.13.v20130916.pom from central
Retrieving ring-refresh/ring-refresh/0.1.2/ring-refresh-0.1.2.pom from clojars
Retrieving watchtower/watchtower/0.1.1/watchtower-0.1.1.pom from clojars
Retrieving compojure/compojure/1.1.5/compojure-1.1.5.pom from clojars
Retrieving org/clojure/core.incubator/0.1.0/core.incubator-0.1.0.pom from central
Retrieving org/clojure/clojure/1.3.0-alpha5/clojure-1.3.0-alpha5.pom from central
Retrieving org/clojure/tools.macro/0.1.0/tools.macro-0.1.0.pom from central
Retrieving clout/clout/1.0.1/clout-1.0.1.pom from clojars
Retrieving ring/ring-core/1.1.7/ring-core-1.1.7.pom from clojars
Retrieving commons-io/commons-io/2.1/commons-io-2.1.pom from central
Retrieving commons-fileupload/commons-fileupload/1.2.1/commons-fileupload-1.2.1.pom from central
Retrieving org/apache/commons/commons-parent/7/commons-parent-7.pom from central
Retrieving org/apache/apache/4/apache-4.pom from central
Retrieving clj-time/clj-time/0.3.7/clj-time-0.3.7.pom from clojars
Retrieving joda-time/joda-time/2.0/joda-time-2.0.pom from central
Retrieving ring/ring/1.6.1/ring-1.6.1.pom from clojars
Retrieving ring/ring-core/1.6.1/ring-core-1.6.1.pom from clojars
Retrieving ring/ring-devel/1.6.1/ring-devel-1.6.1.pom from clojars
Retrieving ns-tracker/ns-tracker/0.3.1/ns-tracker-0.3.1.pom from clojars
Retrieving org/clojure/tools.namespace/0.2.11/tools.namespace-0.2.11.pom from central
Retrieving org/clojure/java.classpath/0.2.3/java.classpath-0.2.3.pom from central
Retrieving ring/ring-jetty-adapter/1.6.1/ring-jetty-adapter-1.6.1.pom from clojars
Retrieving ring/ring-servlet/1.6.1/ring-servlet-1.6.1.pom from clojars
Retrieving org/eclipse/jetty/jetty-server/9.2.21.v20170120/jetty-server-9.2.21.v20170120.pom from central
Retrieving org/eclipse/jetty/jetty-project/9.2.21.v20170120/jetty-project-9.2.21.v20170120.pom from central
Retrieving org/eclipse/jetty/jetty-parent/23/jetty-parent-23.pom from central
Retrieving org/eclipse/jetty/jetty-http/9.2.21.v20170120/jetty-http-9.2.21.v20170120.pom from central
Retrieving org/eclipse/jetty/jetty-util/9.2.21.v20170120/jetty-util-9.2.21.v20170120.pom from central
Retrieving org/eclipse/jetty/jetty-io/9.2.21.v20170120/jetty-io-9.2.21.v20170120.pom from central
Retrieving commons-fileupload/commons-fileupload/1.3.2/commons-fileupload-1.3.2.jar from central
Retrieving org/clojure/tools.namespace/0.2.11/tools.namespace-0.2.11.jar from central
Retrieving org/clojure/java.classpath/0.2.3/java.classpath-0.2.3.jar from central
Retrieving org/eclipse/jetty/jetty-http/9.2.21.v20170120/jetty-http-9.2.21.v20170120.jar from central
Retrieving org/eclipse/jetty/jetty-server/9.2.21.v20170120/jetty-server-9.2.21.v20170120.jar from central
Retrieving org/eclipse/jetty/jetty-util/9.2.21.v20170120/jetty-util-9.2.21.v20170120.jar from central
Retrieving org/eclipse/jetty/jetty-io/9.2.21.v20170120/jetty-io-9.2.21.v20170120.jar from central
Retrieving watchtower/watchtower/0.1.1/watchtower-0.1.1.jar from clojars
Retrieving ring-server/ring-server/0.5.0/ring-server-0.5.0.jar from clojars
Retrieving ring/ring/1.6.1/ring-1.6.1.jar from clojars
Retrieving ring-refresh/ring-refresh/0.1.2/ring-refresh-0.1.2.jar from clojars
Retrieving ring/ring-core/1.6.1/ring-core-1.6.1.jar from clojars
Retrieving ring/ring-servlet/1.6.1/ring-servlet-1.6.1.jar from clojars
Retrieving ring/ring-jetty-adapter/1.6.1/ring-jetty-adapter-1.6.1.jar from clojars
Retrieving ns-tracker/ns-tracker/0.3.1/ns-tracker-0.3.1.jar from clojars
Retrieving ring/ring-devel/1.6.1/ring-devel-1.6.1.jar from clojars
2026-01-01 14:05:02.609:INFO::main: Logging initialized @744ms
WARNING: abs already refers to: #'clojure.core/abs in namespace: medley.core, being replaced by: #'medley.core/abs
WARNING: random-uuid already refers to: #'clojure.core/random-uuid in namespace: ring.middleware.refresh, being replaced by: #'ring.middleware.refresh/random-uuid
2026-01-01 14:05:04.252:INFO:oejs.Server:main: jetty-9.2.21.v20170120
2026-01-01 14:05:04.271:INFO:oejs.ServerConnector:main: Started ServerConnector@60515ab1{HTTP/1.1}{0.0.0.0:3000}
2026-01-01 14:05:04.271:INFO:oejs.Server:main: Started @2407ms
Started server on port 3000
